<?xml version="1.0" encoding="UTF-8"?>
<!-- Generated by org.testng.reporters.JUnitReportReporter -->
<testsuite hostname="HITEN-SHAHANI" failures="0" tests="3"
	name="com.crm.comcast.organizationTest.CreateOrgTest" time="51.641"
	errors="0" timestamp="2024-08-05T11:58:13 IST" skipped="0">
	<testcase classname="com.crm.comcast.organizationTest.CreateOrgTest"
		name="createOrgWithPhoneno" time="16.666" />
	<system-out />
	<testcase classname="com.crm.comcast.organizationTest.CreateOrgTest"
		name="createOrgWithIndustryType" time="17.922" />
	<system-out />
	<testcase classname="com.crm.comcast.organizationTest.CreateOrgTest"
		name="createOrg" time="17.053" />
	<system-out />
</testsuite> <!--
com.crm.comcast.organizationTest.CreateOrgTest -->
