<?xml version="1.0" encoding="UTF-8"?>
<!-- Generated by org.testng.reporters.JUnitReportReporter -->
<testsuite hostname="HITEN-SHAHANI" failures="0" tests="3"
	name="practice.testNG.CreateContactUsing3Dataprovider" time="0.014"
	errors="0" timestamp="2024-08-02T11:18:29 IST" skipped="0">
	<testcase classname="practice.testNG.CreateContactUsing3Dataprovider"
		name="createContactTest" time="0.011" />
	<system-out />
	<testcase classname="practice.testNG.CreateContactUsing3Dataprovider"
		name="createContactTest" time="0.002" />
	<system-out />
	<testcase classname="practice.testNG.CreateContactUsing3Dataprovider"
		name="createContactTest" time="0.001" />
	<system-out />
</testsuite> <!--
practice.testNG.CreateContactUsing3Dataprovider -->
