<?xml version="1.0" encoding="UTF-8"?>
<!-- Generated by org.testng.reporters.JUnitReportReporter -->
<testsuite hostname="HITEN-SHAHANI" failures="0" tests="2"
	name="practice.testNG.CreateCCTest" time="0.010" errors="0"
	timestamp="2024-08-02T12:46:42 IST" skipped="0">
	<testcase classname="practice.testNG.CreateCCTest" name="modifyContact"
		time="0.002" />
	<system-out />
	<testcase classname="practice.testNG.CreateCCTest" name="createContact"
		time="0.008" />
	<system-out />
</testsuite> <!-- practice.testNG.CreateCCTest -->
