<?xml version="1.0" encoding="UTF-8"?>
<!-- Generated by org.testng.reporters.JUnitReportReporter -->
<testsuite hostname="HITEN-SHAHANI" failures="0" tests="1"
	name="practice.testNG.SampleTest" time="0.011" errors="0"
	timestamp="2024-08-01T11:28:27 IST" skipped="0">
	<testcase classname="practice.testNG.SampleTest"
		name="createContactWithOrgTest" time="0.011" />
	<system-out />
</testsuite> <!-- practice.testNG.SampleTest -->
