<?xml version="1.0" encoding="UTF-8"?>
<!-- Generated by org.testng.reporters.JUnitReportReporter -->
<testsuite hostname="HITEN-SHAHANI" failures="0" tests="5"
	name="practice.testNG.Contacttest" time="0.018" errors="0"
	timestamp="2024-08-01T12:51:53 IST" skipped="0">
	<testcase classname="practice.testNG.Contacttest" name="createContactTest"
		time="0.010" />
	<system-out />
	<testcase classname="practice.testNG.Contacttest" name="createContactTest"
		time="0.001" />
	<system-out />
	<testcase classname="practice.testNG.Contacttest" name="deleteContactTest"
		time="0.002" />
	<system-out />
	<testcase classname="practice.testNG.Contacttest" name="createContactTest"
		time="0.002" />
	<system-out />
	<testcase classname="practice.testNG.Contacttest" name="modifyContactTest"
		time="0.003" />
	<system-out />
</testsuite> <!-- practice.testNG.Contacttest -->
