<?xml version="1.0" encoding="UTF-8"?>
<!-- Generated by org.testng.reporters.JUnitReportReporter -->
<testsuite hostname="HITEN-SHAHANI" failures="0" tests="2"
	name="practice.HomepageTest.HomePageVerificationTest" time="10.464"
	errors="0" timestamp="2024-08-05T12:41:55 IST" skipped="0">
	<testcase classname="practice.HomepageTest.HomePageVerificationTest"
		name="verifyHomePageLogo" time="5.563" />
	<system-out />
	<testcase classname="practice.HomepageTest.HomePageVerificationTest"
		name="homePagetest" time="4.901" />
	<system-out />
</testsuite> <!--
practice.HomepageTest.HomePageVerificationTest -->
