<?xml version="1.0" encoding="UTF-8"?>
<!-- Generated by org.testng.reporters.JUnitReportReporter -->
<testsuite hostname="HITEN-SHAHANI" failures="0" tests="3"
	name="practice.testNG.CreateContactTestUsingDataProvider" time="0.012"
	errors="0" timestamp="2024-08-02T13:21:38 IST" skipped="0">
	<testcase classname="practice.testNG.CreateContactTestUsingDataProvider"
		name="createContactTest" time="0.008" />
	<system-out />
	<testcase classname="practice.testNG.CreateContactTestUsingDataProvider"
		name="createContactTest" time="0.003" />
	<system-out />
	<testcase classname="practice.testNG.CreateContactTestUsingDataProvider"
		name="createContactTest" time="0.001" />
	<system-out />
</testsuite> <!--
practice.testNG.CreateContactTestUsingDataProvider -->
