<?xml version="1.0" encoding="UTF-8"?>
<!-- Generated by org.testng.reporters.JUnitReportReporter -->
<testsuite hostname="HITEN-SHAHANI" failures="0" tests="2"
	name="com.crm.comcast.orgTest.CreateOrgTest" time="0.012" errors="0"
	timestamp="2024-08-02T14:37:35 IST" skipped="0">
	<testcase classname="com.crm.comcast.orgTest.CreateOrgTest"
		name="createOrgTest" time="0.009" />
	<system-out />
	<testcase classname="com.crm.comcast.orgTest.CreateOrgTest"
		name="createOrgWithIndustryTest" time="0.003" />
	<system-out />
</testsuite> <!-- com.crm.comcast.orgTest.CreateOrgTest -->
