<?xml version="1.0" encoding="UTF-8"?>
<!-- Generated by org.testng.reporters.JUnitReportReporter -->
<testsuite hostname="HITEN-SHAHANI" failures="0" tests="1" name="practice.HomepageTest.SampleReportTest" time="0.444" errors="0" timestamp="2024-08-07T12:48:54 IST" skipped="0">
  <testcase classname="practice.HomepageTest.SampleReportTest" name="createContactTest" time="0.444"/>
  <system-out/>
</testsuite> <!-- practice.HomepageTest.SampleReportTest -->
