<?xml version="1.0" encoding="UTF-8"?>
<!-- Generated by org.testng.reporters.JUnitReportReporter -->
<testsuite hostname="HITEN-SHAHANI" failures="0" tests="3"
	name="com.crm.comcast.contactTest.CreateContactTest" time="26.195"
	errors="0" timestamp="2024-08-05T13:12:55 IST" skipped="0">
	<testcase classname="com.crm.comcast.contactTest.CreateContactTest"
		name="createContactWithOrg" time="11.864" />
	<system-out />
	<testcase classname="com.crm.comcast.contactTest.CreateContactTest"
		name="createContactTest" time="7.164" />
	<system-out />
	<testcase classname="com.crm.comcast.contactTest.CreateContactTest"
		name="createContactWithDate" time="7.167" />
	<system-out />
</testsuite> <!-- com.crm.comcast.contactTest.CreateContactTest -->
